0 info it worked if it ends with ok
1 verbose cli [ 'C:\\Program Files\\nodejs\\node.exe',
1 verbose cli   'C:\\Program Files\\nodejs\\node_modules\\npm\\bin\\npm-cli.js',
1 verbose cli   'i' ]
2 info using npm@3.7.3
3 info using node@v5.9.0
4 silly loadCurrentTree Starting
5 silly install loadCurrentTree
6 silly install readLocalPackageData
7 silly install normalizeTree
8 silly loadCurrentTree Finishing
9 silly loadIdealTree Starting
10 silly install loadIdealTree
11 silly cloneCurrentTree Starting
12 silly install cloneCurrentTreeToIdealTree
13 silly cloneCurrentTree Finishing
14 silly loadShrinkwrap Starting
15 silly install loadShrinkwrap
16 silly loadShrinkwrap Finishing
17 silly loadAllDepsIntoIdealTree Starting
18 silly install loadAllDepsIntoIdealTree
19 silly fetchOtherPackageData test2@git+https://github.com/njif/test2.git
20 silly cache add args [ 'test2@git+https://github.com/njif/test2.git', null ]
21 verbose cache add spec test2@git+https://github.com/njif/test2.git
22 silly cache add parsed spec Result {
22 silly cache add   raw: 'test2@git+https://github.com/njif/test2.git',
22 silly cache add   scope: null,
22 silly cache add   name: 'test2',
22 silly cache add   rawSpec: 'git+https://github.com/njif/test2.git',
22 silly cache add   spec: 'git+https://github.com/njif/test2.git',
22 silly cache add   type: 'hosted',
22 silly cache add   hosted:
22 silly cache add    { type: 'github',
22 silly cache add      ssh: 'git@github.com:njif/test2.git',
22 silly cache add      sshUrl: 'git+ssh://git@github.com/njif/test2.git',
22 silly cache add      httpsUrl: 'git+https://github.com/njif/test2.git',
22 silly cache add      gitUrl: 'git://github.com/njif/test2.git',
22 silly cache add      shortcut: 'github:njif/test2',
22 silly cache add      directUrl: 'https://raw.githubusercontent.com/njif/test2/master/package.json' } }
23 verbose addRemoteGit caching git+https://github.com/njif/test2.git
24 verbose addRemoteGit git+https://github.com/njif/test2.git is a repository hosted by github
25 silly tryClone cloning git+https://github.com/njif/test2.git via git+https://github.com/njif/test2.git
26 verbose tryClone git-https-github-com-njif-test2-git-0bacbf26 not in flight; caching
27 verbose correctMkdir C:\Users\seroshtan\AppData\Roaming\npm-cache\_git-remotes correctMkdir not in flight; initializing
28 info git [ 'config', '--get', 'remote.origin.url' ]
29 silly validateExistingRemote git+https://github.com/njif/test2.git remote.origin.url: https://github.com/njif/test2.git
30 verbose validateExistingRemote git+https://github.com/njif/test2.git is updating existing cached remote C:\Users\seroshtan\AppData\Roaming\npm-cache\_git-remotes\git-https-github-com-njif-test2-git-0bacbf26
31 info git [ 'fetch', '-a', 'origin' ]
32 verbose updateRemote git fetch -a origin (https://github.com/njif/test2.git)
33 verbose setPermissions git+https://github.com/njif/test2.git skipping chownr on Windows
34 verbose resolveHead git+https://github.com/njif/test2.git original treeish: master
35 info git [ 'rev-list', '-n1', 'master' ]
36 silly resolveHead git+https://github.com/njif/test2.git resolved treeish: e20ed9f450d7e177553127d9df98adf2c8d8f20a
37 verbose resolveHead git+https://github.com/njif/test2.git resolved Git URL: git+https://github.com/njif/test2.git#e20ed9f450d7e177553127d9df98adf2c8d8f20a
38 silly resolveHead Git working directory: C:\Users\SEROSH~1\AppData\Local\Temp\npm-13920-9ce7dc9b\git-cache-bf272bf2\e20ed9f450d7e177553127d9df98adf2c8d8f20a
39 info git [ 'clone',
39 info git   'C:\\Users\\seroshtan\\AppData\\Roaming\\npm-cache\\_git-remotes\\git-https-github-com-njif-test2-git-0bacbf26',
39 info git   'C:\\Users\\SEROSH~1\\AppData\\Local\\Temp\\npm-13920-9ce7dc9b\\git-cache-bf272bf2\\e20ed9f450d7e177553127d9df98adf2c8d8f20a' ]
40 verbose cloneResolved git+https://github.com/njif/test2.git clone Cloning into 'C:\Users\SEROSH~1\AppData\Local\Temp\npm-13920-9ce7dc9b\git-cache-bf272bf2\e20ed9f450d7e177553127d9df98adf2c8d8f20a'...
40 verbose cloneResolved done.
41 info git [ 'checkout', 'e20ed9f450d7e177553127d9df98adf2c8d8f20a' ]
42 verbose checkoutTreeish git+https://github.com/njif/test2.git checkout Note: checking out 'e20ed9f450d7e177553127d9df98adf2c8d8f20a'.
42 verbose checkoutTreeish
42 verbose checkoutTreeish You are in 'detached HEAD' state. You can look around, make experimental
42 verbose checkoutTreeish changes and commit them, and you can discard any commits you make in this
42 verbose checkoutTreeish state without impacting any branches by performing another checkout.
42 verbose checkoutTreeish
42 verbose checkoutTreeish If you want to create a new branch to retain commits you create, you may
42 verbose checkoutTreeish do so (now or later) by using -b with the checkout command again. Example:
42 verbose checkoutTreeish
42 verbose checkoutTreeish   git checkout -b <new-branch-name>
42 verbose checkoutTreeish
42 verbose checkoutTreeish HEAD is now at e20ed9f... Initial commit
43 info git [ 'submodule', '-q', 'update', '--init', '--recursive' ]
44 verbose updateSubmodules git+https://github.com/njif/test2.git submodule update
45 error addLocal Could not install C:\Users\SEROSH~1\AppData\Local\Temp\npm-13920-9ce7dc9b\git-cache-bf272bf2\e20ed9f450d7e177553127d9df98adf2c8d8f20a
46 silly fetchPackageMetaData Error: EISDIR: illegal operation on a directory, read
46 silly fetchPackageMetaData     at Error (native)
46 silly fetchPackageMetaData  error for test2@git+https://github.com/njif/test2.git { [Error: EISDIR: illegal operation on a directory, read] errno: -4068, code: 'EISDIR', syscall: 'read' }
47 silly rollbackFailedOptional Starting
48 silly rollbackFailedOptional Finishing
49 silly runTopLevelLifecycles Starting
50 silly runTopLevelLifecycles Finishing
51 silly install printInstalled
52 verbose stack Error: EISDIR: illegal operation on a directory, read
52 verbose stack     at Error (native)
53 verbose cwd C:\dev\test
54 error Windows_NT 10.0.10586
55 error argv "C:\\Program Files\\nodejs\\node.exe" "C:\\Program Files\\nodejs\\node_modules\\npm\\bin\\npm-cli.js" "i"
56 error node v5.9.0
57 error npm  v3.7.3
58 error code EISDIR
59 error errno -4068
60 error syscall read
61 error eisdir EISDIR: illegal operation on a directory, read
62 error eisdir This is most likely not a problem with npm itself
62 error eisdir and is related to npm not being able to find a package.json in
62 error eisdir a package you are trying to install.
63 verbose exit [ -4068, true ]
